Copyright 1986-2022 Xilinx, Inc. All Rights Reserved.
----------------------------------------------------------------------------------------
| Tool Version     : Vivado v.2022.1 (lin64) Build 3526262 Mon Apr 18 15:47:01 MDT 2022
| Date             : Tue May  9 10:43:43 2023
| Host             : pop-os running 64-bit Pop!_OS 22.04 LTS
| Command          : report_power -file xilinx_kc705_power.rpt
| Design           : xilinx_kc705
| Device           : xc7k325tffg900-2
| Design State     : routed
| Grade            : commercial
| Process          : typical
| Characterization : Production
----------------------------------------------------------------------------------------

Power Report

Table of Contents
-----------------
1. Summary
1.1 On-Chip Components
1.2 Power Supply Summary
1.3 Confidence Level
2. Settings
2.1 Environment
2.2 Clock Constraints
3. Detailed Reports
3.1 By Hierarchy

1. Summary
----------

+--------------------------+--------------+
| Total On-Chip Power (W)  | 1.524        |
| Design Power Budget (W)  | Unspecified* |
| Power Budget Margin (W)  | NA           |
| Dynamic (W)              | 1.351        |
| Device Static (W)        | 0.173        |
| Effective TJA (C/W)      | 1.8          |
| Max Ambient (C)          | 82.3         |
| Junction Temperature (C) | 27.7         |
| Confidence Level         | Low          |
| Setting File             | ---          |
| Simulation Activity File | ---          |
| Design Nets Matched      | NA           |
+--------------------------+--------------+
* Specify Design Power Budget using, set_operating_conditions -design_power_budget <value in Watts>


1.1 On-Chip Components
----------------------

+--------------------------+-----------+----------+-----------+-----------------+
| On-Chip                  | Power (W) | Used     | Available | Utilization (%) |
+--------------------------+-----------+----------+-----------+-----------------+
| Clocks                   |     0.065 |        7 |       --- |             --- |
| Slice Logic              |     0.442 |    16395 |       --- |             --- |
|   Others                 |     0.410 |      229 |       --- |             --- |
|   LUT as Logic           |     0.029 |     7616 |    203800 |            3.74 |
|   Register               |     0.001 |     6350 |    407600 |            1.56 |
|   CARRY4                 |     0.001 |      225 |     50950 |            0.44 |
|   LUT as Distributed RAM |     0.001 |      144 |     64000 |            0.23 |
|   F7/F8 Muxes            |    <0.001 |      181 |    203800 |            0.09 |
|   LUT as Shift Register  |    <0.001 |        2 |     64000 |           <0.01 |
| Signals                  |     0.048 |    15175 |       --- |             --- |
| Block RAM                |     0.137 |     55.5 |       445 |           12.47 |
| MMCM                     |     0.109 |        1 |        10 |           10.00 |
| DSPs                     |     0.011 |        8 |       840 |            0.95 |
| I/O                      |     0.538 |      129 |       500 |           25.80 |
| Static Power             |     0.173 |          |           |                 |
| Total                    |     1.524 |          |           |                 |
+--------------------------+-----------+----------+-----------+-----------------+


1.2 Power Supply Summary
------------------------

+-----------+-------------+-----------+-------------+------------+-------------+-------------+------------+
| Source    | Voltage (V) | Total (A) | Dynamic (A) | Static (A) | Powerup (A) | Budget (A)  | Margin (A) |
+-----------+-------------+-----------+-------------+------------+-------------+-------------+------------+
| Vccint    |       1.000 |     0.380 |       0.303 |      0.078 |       NA    | Unspecified | NA         |
| Vccaux    |       1.800 |     0.452 |       0.423 |      0.029 |       NA    | Unspecified | NA         |
| Vcco33    |       3.300 |     0.000 |       0.000 |      0.000 |       NA    | Unspecified | NA         |
| Vcco25    |       2.500 |     0.001 |       0.000 |      0.001 |       NA    | Unspecified | NA         |
| Vcco18    |       1.800 |     0.000 |       0.000 |      0.000 |       NA    | Unspecified | NA         |
| Vcco15    |       1.500 |     0.170 |       0.169 |      0.001 |       NA    | Unspecified | NA         |
| Vcco135   |       1.350 |     0.000 |       0.000 |      0.000 |       NA    | Unspecified | NA         |
| Vcco12    |       1.200 |     0.000 |       0.000 |      0.000 |       NA    | Unspecified | NA         |
| Vccaux_io |       2.000 |     0.012 |       0.012 |      0.000 |       NA    | Unspecified | NA         |
| Vccbram   |       1.000 |     0.014 |       0.010 |      0.003 |       NA    | Unspecified | NA         |
| MGTAVcc   |       1.000 |     0.000 |       0.000 |      0.000 |       NA    | Unspecified | NA         |
| MGTAVtt   |       1.200 |     0.000 |       0.000 |      0.000 |       NA    | Unspecified | NA         |
| MGTVccaux |       1.800 |     0.000 |       0.000 |      0.000 |       NA    | Unspecified | NA         |
| Vccadc    |       1.800 |     0.020 |       0.000 |      0.020 |       NA    | Unspecified | NA         |
+-----------+-------------+-----------+-------------+------------+-------------+-------------+------------+


1.3 Confidence Level
--------------------

+-----------------------------+------------+--------------------------------------------------------+------------------------------------------------------------------------------------------------------------+
| User Input Data             | Confidence | Details                                                | Action                                                                                                     |
+-----------------------------+------------+--------------------------------------------------------+------------------------------------------------------------------------------------------------------------+
| Design implementation state | High       | Design is routed                                       |                                                                                                            |
| Clock nodes activity        | High       | User specified more than 95% of clocks                 |                                                                                                            |
| I/O nodes activity          | Low        | More than 75% of inputs are missing user specification | Provide missing input activity with simulation results or by editing the "By Resource Type -> I/Os" view   |
| Internal nodes activity     | Medium     | User specified less than 25% of internal nodes         | Provide missing internal nodes activity with simulation results or by editing the "By Resource Type" views |
| Device models               | High       | Device models are Production                           |                                                                                                            |
|                             |            |                                                        |                                                                                                            |
| Overall confidence level    | Low        |                                                        |                                                                                                            |
+-----------------------------+------------+--------------------------------------------------------+------------------------------------------------------------------------------------------------------------+


2. Settings
-----------

2.1 Environment
---------------

+-----------------------+--------------------------+
| Ambient Temp (C)      | 25.0                     |
| ThetaJA (C/W)         | 1.8                      |
| Airflow (LFM)         | 250                      |
| Heat Sink             | medium (Medium Profile)  |
| ThetaSA (C/W)         | 3.3                      |
| Board Selection       | medium (10"x10")         |
| # of Board Layers     | 12to15 (12 to 15 Layers) |
| Board Temperature (C) | 25.0                     |
+-----------------------+--------------------------+


2.2 Clock Constraints
---------------------

+-----------------------------+-----------------------------+-----------------+
| Clock                       | Domain                      | Constraint (ns) |
+-----------------------------+-----------------------------+-----------------+
| clk200_p                    | clk200_p                    |             5.0 |
| soc_builder_basesoc_mmcm_fb | soc_builder_basesoc_mmcm_fb |             5.0 |
| soc_crg_clkout0             | soc_crg_clkout0             |             8.0 |
| soc_crg_clkout1             | soc_crg_clkout1             |             2.0 |
| soc_crg_clkout2             | soc_crg_clkout2             |             5.0 |
+-----------------------------+-----------------------------+-----------------+


3. Detailed Reports
-------------------

3.1 By Hierarchy
----------------

+----------------------------+-----------+
| Name                       | Power (W) |
+----------------------------+-----------+
| xilinx_kc705               |     1.351 |
|   Cfu                      |     0.009 |
|   IOBUF                    |     0.003 |
|   IOBUFDS                  |     0.004 |
|     OBUFTDS                |     0.002 |
|   IOBUFDS_1                |     0.004 |
|     OBUFTDS                |     0.002 |
|   IOBUFDS_2                |     0.004 |
|     OBUFTDS                |     0.002 |
|   IOBUFDS_3                |     0.004 |
|     OBUFTDS                |     0.002 |
|   IOBUFDS_4                |     0.004 |
|     OBUFTDS                |     0.002 |
|   IOBUFDS_5                |     0.004 |
|     OBUFTDS                |     0.002 |
|   IOBUFDS_6                |     0.004 |
|     OBUFTDS                |     0.002 |
|   IOBUFDS_7                |     0.004 |
|     OBUFTDS                |     0.002 |
|   IOBUF_1                  |     0.003 |
|   IOBUF_10                 |     0.003 |
|   IOBUF_11                 |     0.003 |
|   IOBUF_12                 |     0.003 |
|   IOBUF_13                 |     0.003 |
|   IOBUF_14                 |     0.003 |
|   IOBUF_15                 |     0.003 |
|   IOBUF_16                 |     0.003 |
|   IOBUF_17                 |     0.003 |
|   IOBUF_18                 |     0.003 |
|   IOBUF_19                 |     0.003 |
|   IOBUF_2                  |     0.003 |
|   IOBUF_20                 |     0.003 |
|   IOBUF_21                 |     0.003 |
|   IOBUF_22                 |     0.003 |
|   IOBUF_23                 |     0.003 |
|   IOBUF_24                 |     0.003 |
|   IOBUF_25                 |     0.003 |
|   IOBUF_26                 |     0.003 |
|   IOBUF_27                 |     0.003 |
|   IOBUF_28                 |     0.003 |
|   IOBUF_29                 |     0.003 |
|   IOBUF_3                  |     0.003 |
|   IOBUF_30                 |     0.003 |
|   IOBUF_31                 |     0.003 |
|   IOBUF_32                 |     0.003 |
|   IOBUF_33                 |     0.003 |
|   IOBUF_34                 |     0.003 |
|   IOBUF_35                 |     0.003 |
|   IOBUF_36                 |     0.003 |
|   IOBUF_37                 |     0.003 |
|   IOBUF_38                 |     0.003 |
|   IOBUF_39                 |     0.003 |
|   IOBUF_4                  |     0.003 |
|   IOBUF_40                 |     0.003 |
|   IOBUF_41                 |     0.003 |
|   IOBUF_42                 |     0.003 |
|   IOBUF_43                 |     0.003 |
|   IOBUF_44                 |     0.003 |
|   IOBUF_45                 |     0.003 |
|   IOBUF_46                 |     0.003 |
|   IOBUF_47                 |     0.003 |
|   IOBUF_48                 |     0.003 |
|   IOBUF_49                 |     0.003 |
|   IOBUF_5                  |     0.003 |
|   IOBUF_50                 |     0.003 |
|   IOBUF_51                 |     0.003 |
|   IOBUF_52                 |     0.003 |
|   IOBUF_53                 |     0.003 |
|   IOBUF_54                 |     0.003 |
|   IOBUF_55                 |     0.003 |
|   IOBUF_56                 |     0.003 |
|   IOBUF_57                 |     0.003 |
|   IOBUF_58                 |     0.003 |
|   IOBUF_59                 |     0.003 |
|   IOBUF_6                  |     0.003 |
|   IOBUF_60                 |     0.003 |
|   IOBUF_61                 |     0.003 |
|   IOBUF_62                 |     0.003 |
|   IOBUF_63                 |     0.003 |
|   IOBUF_7                  |     0.003 |
|   IOBUF_8                  |     0.003 |
|   IOBUF_9                  |     0.003 |
|   OBUFDS                   |     0.003 |
|   VexRiscv                 |     0.079 |
|     IBusCachedPlugin_cache |     0.021 |
|     dataCache_1            |     0.008 |
+----------------------------+-----------+


