Copyright 1986-2022 Xilinx, Inc. All Rights Reserved.
--------------------------------------------------------------------------------------------------------
| Tool Version : Vivado v.2022.1 (lin64) Build 3526262 Mon Apr 18 15:47:01 MDT 2022
| Date         : Tue May  9 10:41:29 2023
| Host         : pop-os running 64-bit Pop!_OS 22.04 LTS
| Command      : report_utilization -hierarchical -file xilinx_kc705_utilization_hierarchical_synth.rpt
| Design       : xilinx_kc705
| Device       : xc7k325tffg900-2
| Speed File   : -2
| Design State : Synthesized
--------------------------------------------------------------------------------------------------------

Utilization Design Information

Table of Contents
-----------------
1. Utilization by Hierarchy

1. Utilization by Hierarchy
---------------------------

+----------------------------+------------------+------------+------------+---------+------+------+--------+--------+------------+
|          Instance          |      Module      | Total LUTs | Logic LUTs | LUTRAMs | SRLs |  FFs | RAMB36 | RAMB18 | DSP Blocks |
+----------------------------+------------------+------------+------------+---------+------+------+--------+--------+------------+
| xilinx_kc705               |            (top) |       8024 |       7878 |     144 |    2 | 6355 |     19 |     73 |          8 |
|   (xilinx_kc705)           |            (top) |       4977 |       4831 |     144 |    2 | 4852 |     18 |     65 |          0 |
|   Cfu                      |              Cfu |         93 |         93 |       0 |    0 |   33 |      0 |      0 |          4 |
|   VexRiscv                 |         VexRiscv |       2954 |       2954 |       0 |    0 | 1470 |      1 |      8 |          4 |
|     (VexRiscv)             |         VexRiscv |       1584 |       1584 |       0 |    0 | 1302 |      0 |      2 |          4 |
|     IBusCachedPlugin_cache | InstructionCache |        766 |        766 |       0 |    0 |  103 |      1 |      1 |          0 |
|     dataCache_1            |        DataCache |        604 |        604 |       0 |    0 |   65 |      0 |      5 |          0 |
+----------------------------+------------------+------------+------------+---------+------+------+--------+--------+------------+


