Copyright 1986-2022 Xilinx, Inc. All Rights Reserved.
------------------------------------------------------------------------------------
| Tool Version : Vivado v.2022.1 (lin64) Build 3526262 Mon Apr 18 15:47:01 MDT 2022
| Date         : Tue May  9 10:42:40 2023
| Host         : pop-os running 64-bit Pop!_OS 22.04 LTS
| Command      : report_clock_utilization -file xilinx_kc705_clock_utilization.rpt
| Design       : xilinx_kc705
| Device       : 7k325t-ffg900
| Speed File   : -2  PRODUCTION 1.12 2017-02-17
| Design State : Fully Placed
------------------------------------------------------------------------------------

Clock Utilization Report

Table of Contents
-----------------
1. Clock Primitive Utilization
2. Global Clock Resources
3. Global Clock Source Details
4. Clock Regions: Key Resource Utilization
5. Clock Regions : Global Clock Summary
6. Device Cell Placement Summary for Global Clock g0
7. Device Cell Placement Summary for Global Clock g1
8. Device Cell Placement Summary for Global Clock g2
9. Device Cell Placement Summary for Global Clock g3
10. Clock Region Cell Placement per Global Clock: Region X0Y0
11. Clock Region Cell Placement per Global Clock: Region X1Y0
12. Clock Region Cell Placement per Global Clock: Region X1Y1
13. Clock Region Cell Placement per Global Clock: Region X1Y2

1. Clock Primitive Utilization
------------------------------

+----------+------+-----------+-----+--------------+--------+
| Type     | Used | Available | LOC | Clock Region | Pblock |
+----------+------+-----------+-----+--------------+--------+
| BUFGCTRL |    4 |        32 |   0 |            0 |      0 |
| BUFH     |    0 |       168 |   0 |            0 |      0 |
| BUFIO    |    0 |        40 |   0 |            0 |      0 |
| BUFMR    |    0 |        20 |   0 |            0 |      0 |
| BUFR     |    0 |        40 |   0 |            0 |      0 |
| MMCM     |    1 |        10 |   0 |            0 |      0 |
| PLL      |    0 |        10 |   0 |            0 |      0 |
+----------+------+-----------+-----+--------------+--------+


2. Global Clock Resources
-------------------------

+-----------+-----------+-----------------+------------+---------------+--------------+-------------------+-------------+-----------------+--------------+-----------------+------------------------+---------------+
| Global Id | Source Id | Driver Type/Pin | Constraint | Site          | Clock Region | Load Clock Region | Clock Loads | Non-Clock Loads | Clock Period | Clock           | Driver Pin             | Net           |
+-----------+-----------+-----------------+------------+---------------+--------------+-------------------+-------------+-----------------+--------------+-----------------+------------------------+---------------+
| g0        | src0      | BUFG/O          | None       | BUFGCTRL_X0Y0 | n/a          |                 4 |        6821 |               0 |        8.000 | soc_crg_clkout0 | BUFG/O                 | sys_clk       |
| g1        | src1      | BUFG/O          | None       | BUFGCTRL_X0Y1 | n/a          |                 3 |         235 |               0 |        2.000 | soc_crg_clkout1 | BUFG_1/O               | sys4x_clk     |
| g2        | src2      | BUFG/O          | None       | BUFGCTRL_X0Y2 | n/a          |                 3 |          10 |               0 |        5.000 | soc_crg_clkout2 | BUFG_2/O               | idelay_clk    |
| g3        | src3      | BUFG/O          | None       | BUFGCTRL_X0Y3 | n/a          |                 2 |           9 |               0 |        5.000 | clk200_p        | IBUFDS_n_0_BUFG_inst/O | soc_crg_clkin |
+-----------+-----------+-----------------+------------+---------------+--------------+-------------------+-------------+-----------------+--------------+-----------------+------------------------+---------------+
* Clock Loads column represents the clock pin loads (pin count). Internal cell leaf pins are not counted
** Non-Clock Loads column represents the non-clock pin loads (pin count)


3. Global Clock Source Details
------------------------------

+-----------+-----------+--------------------+------------+-----------------+--------------+-------------+-----------------+---------------------+-----------------+--------------------+--------------------------+
| Source Id | Global Id | Driver Type/Pin    | Constraint | Site            | Clock Region | Clock Loads | Non-Clock Loads | Source Clock Period | Source Clock    | Driver Pin         | Net                      |
+-----------+-----------+--------------------+------------+-----------------+--------------+-------------+-----------------+---------------------+-----------------+--------------------+--------------------------+
| src0      | g0        | MMCME2_ADV/CLKOUT0 | None       | MMCME2_ADV_X1Y0 | X1Y0         |           1 |               0 |               8.000 | soc_crg_clkout0 | MMCME2_ADV/CLKOUT0 | soc_crg_clkout0          |
| src1      | g1        | MMCME2_ADV/CLKOUT1 | None       | MMCME2_ADV_X1Y0 | X1Y0         |           1 |               0 |               2.000 | soc_crg_clkout1 | MMCME2_ADV/CLKOUT1 | soc_crg_clkout1          |
| src2      | g2        | MMCME2_ADV/CLKOUT2 | None       | MMCME2_ADV_X1Y0 | X1Y0         |           1 |               0 |               5.000 | soc_crg_clkout2 | MMCME2_ADV/CLKOUT2 | soc_crg_clkout2          |
| src3      | g3        | IBUFDS/O           | IOB_X1Y76  | IOB_X1Y76       | X1Y1         |           1 |               0 |               5.000 | clk200_p        | IBUFDS/O           | IBUFDS_n_0_BUFG_inst_n_0 |
+-----------+-----------+--------------------+------------+-----------------+--------------+-------------+-----------------+---------------------+-----------------+--------------------+--------------------------+
* Clock Loads column represents the clock pin loads (pin count). Internal cell leaf pins are not counted
** Non-Clock Loads column represents the non-clock pin loads (pin count)


4. Clock Regions: Key Resource Utilization
------------------------------------------

+-------------------+--------------+--------------+--------------+--------------+--------------+--------------+--------------+--------------+--------------+--------------+--------------+--------------+--------------+--------------+--------------+
|                   | Global Clock |     BUFRs    |    BUFMRs    |    BUFIOs    |     MMCM     |      PLL     |      GT      |      PCI     |    ILOGIC    |    OLOGIC    |      FF      |     LUTM     |    RAMB18    |    RAMB36    |    DSP48E2   |
+-------------------+------+-------+------+-------+------+-------+------+-------+------+-------+------+-------+------+-------+------+-------+------+-------+------+-------+------+-------+------+-------+------+-------+------+-------+------+-------+
| Clock Region Name | Used | Avail | Used | Avail | Used | Avail | Used | Avail | Used | Avail | Used | Avail | Used | Avail | Used | Avail | Used | Avail | Used | Avail | Used | Avail | Used | Avail | Used | Avail | Used | Avail | Used | Avail |
+-------------------+------+-------+------+-------+------+-------+------+-------+------+-------+------+-------+------+-------+------+-------+------+-------+------+-------+------+-------+------+-------+------+-------+------+-------+------+-------+
| X0Y0              |    1 |    12 |    0 |     4 |    0 |     2 |    0 |     4 |    0 |     1 |    0 |     1 |    0 |     0 |    0 |     0 |    0 |    50 |    0 |    50 |   49 |  4000 |   13 |  1150 |    0 |    60 |    0 |    30 |    0 |    60 |
| X1Y0              |    4 |    12 |    0 |     4 |    0 |     2 |    0 |     4 |    1 |     1 |    0 |     1 |    0 |     0 |    0 |     0 |   32 |    50 |   40 |    50 | 4078 |  3700 | 1492 |  1200 |   29 |    80 |    8 |    40 |    4 |    60 |
| X0Y1              |    0 |    12 |    0 |     4 |    0 |     2 |    0 |     4 |    0 |     1 |    0 |     1 |    0 |     0 |    0 |     0 |    0 |    50 |    0 |    50 |    0 |  4000 |    0 |  1150 |    0 |    60 |    0 |    30 |    0 |    60 |
| X1Y1              |    4 |    12 |    0 |     4 |    0 |     2 |    0 |     4 |    0 |     1 |    0 |     1 |    0 |     0 |    0 |     0 |    0 |    50 |   26 |    50 | 2037 |  3700 |  622 |  1200 |    7 |    80 |   11 |    40 |    0 |    60 |
| X0Y2              |    0 |    12 |    0 |     4 |    0 |     2 |    0 |     4 |    0 |     1 |    0 |     1 |    0 |     0 |    0 |     0 |    0 |    50 |    0 |    50 |    0 |  3400 |    0 |  1150 |    0 |    60 |    0 |    30 |    0 |    60 |
| X1Y2              |    3 |    12 |    0 |     4 |    0 |     2 |    0 |     4 |    0 |     1 |    0 |     1 |    0 |     0 |    0 |     0 |   32 |    50 |   41 |    50 |  186 |  3700 |   73 |  1200 |    0 |    80 |    0 |    40 |    0 |    60 |
| X0Y3              |    0 |    12 |    0 |     4 |    0 |     2 |    0 |     4 |    0 |     1 |    0 |     1 |    0 |     0 |    0 |     0 |    0 |    50 |    0 |    50 |    0 |  3400 |    0 |  1150 |    0 |    60 |    0 |    30 |    0 |    60 |
| X1Y3              |    0 |    12 |    0 |     0 |    0 |     0 |    0 |     0 |    0 |     0 |    0 |     0 |    0 |     4 |    0 |     1 |    0 |     0 |    0 |     0 |    0 |  3150 |    0 |  1050 |    0 |    50 |    0 |    25 |    0 |    60 |
| X0Y4              |    0 |    12 |    0 |     4 |    0 |     2 |    0 |     4 |    0 |     1 |    0 |     1 |    0 |     0 |    0 |     0 |    0 |    50 |    0 |    50 |    0 |  4000 |    0 |  1150 |    0 |    60 |    0 |    30 |    0 |    60 |
| X1Y4              |    0 |    12 |    0 |     0 |    0 |     0 |    0 |     0 |    0 |     0 |    0 |     0 |    0 |     4 |    0 |     0 |    0 |     0 |    0 |     0 |    0 |  3300 |    0 |  1100 |    0 |    60 |    0 |    30 |    0 |    60 |
| X0Y5              |    0 |    12 |    0 |     4 |    0 |     2 |    0 |     4 |    0 |     1 |    0 |     1 |    0 |     0 |    0 |     0 |    0 |    50 |    0 |    50 |    0 |  4000 |    0 |  1150 |    0 |    60 |    0 |    30 |    0 |    60 |
| X1Y5              |    0 |    12 |    0 |     0 |    0 |     0 |    0 |     0 |    0 |     0 |    0 |     0 |    0 |     4 |    0 |     0 |    0 |     0 |    0 |     0 |    0 |  3300 |    0 |  1100 |    0 |    60 |    0 |    30 |    0 |    60 |
| X0Y6              |    0 |    12 |    0 |     4 |    0 |     2 |    0 |     4 |    0 |     1 |    0 |     1 |    0 |     0 |    0 |     0 |    0 |    50 |    0 |    50 |    0 |  4000 |    0 |  1150 |    0 |    60 |    0 |    30 |    0 |    60 |
| X1Y6              |    0 |    12 |    0 |     0 |    0 |     0 |    0 |     0 |    0 |     0 |    0 |     0 |    0 |     4 |    0 |     0 |    0 |     0 |    0 |     0 |    0 |  3300 |    0 |  1100 |    0 |    60 |    0 |    30 |    0 |    60 |
+-------------------+------+-------+------+-------+------+-------+------+-------+------+-------+------+-------+------+-------+------+-------+------+-------+------+-------+------+-------+------+-------+------+-------+------+-------+------+-------+
* Global Clock column represents track count; while other columns represents cell counts


5. Clock Regions : Global Clock Summary
---------------------------------------

All Modules
+----+----+----+
|    | X0 | X1 |
+----+----+----+
| Y6 |  0 |  0 |
| Y5 |  0 |  0 |
| Y4 |  0 |  0 |
| Y3 |  0 |  0 |
| Y2 |  0 |  3 |
| Y1 |  0 |  4 |
| Y0 |  1 |  4 |
+----+----+----+


6. Device Cell Placement Summary for Global Clock g0
----------------------------------------------------

+-----------+-----------------+-------------------+-----------------+-------------+---------------+-------------+----------+----------------+----------+---------+
| Global Id | Driver Type/Pin | Driver Region (D) | Clock           | Period (ns) | Waveform (ns) | Slice Loads | IO Loads | Clocking Loads | GT Loads | Net     |
+-----------+-----------------+-------------------+-----------------+-------------+---------------+-------------+----------+----------------+----------+---------+
| g0        | BUFG/O          | n/a               | soc_crg_clkout0 |       8.000 | {0.000 4.000} |        6604 |      171 |              0 |        0 | sys_clk |
+-----------+-----------------+-------------------+-----------------+-------------+---------------+-------------+----------+----------------+----------+---------+
* Slice Loads column represents load cell count of all cell types other than IO, GT and clock resources
** IO Loads column represents load cell count of IO types
*** Clocking Loads column represents load cell count that are clock resources (global clock buffer, MMCM, PLL, etc)
**** GT Loads column represents load cell count of GT types


+----+-----+-------+-----------------------+
|    | X0  | X1    | HORIZONTAL PROG DELAY |
+----+-----+-------+-----------------------+
| Y6 |   0 |     0 |                     - |
| Y5 |   0 |     0 |                     - |
| Y4 |   0 |     0 |                     - |
| Y3 |   0 |     0 |                     - |
| Y2 |   0 |   332 |                     0 |
| Y1 |   0 |  2109 |                     0 |
| Y0 |  49 |  4285 |                     0 |
+----+-----+-------+-----------------------+


7. Device Cell Placement Summary for Global Clock g1
----------------------------------------------------

+-----------+-----------------+-------------------+-----------------+-------------+---------------+-------------+----------+----------------+----------+-----------+
| Global Id | Driver Type/Pin | Driver Region (D) | Clock           | Period (ns) | Waveform (ns) | Slice Loads | IO Loads | Clocking Loads | GT Loads | Net       |
+-----------+-----------------+-------------------+-----------------+-------------+---------------+-------------+----------+----------------+----------+-----------+
| g1        | BUFG/O          | n/a               | soc_crg_clkout1 |       2.000 | {0.000 1.000} |           0 |      171 |              0 |        0 | sys4x_clk |
+-----------+-----------------+-------------------+-----------------+-------------+---------------+-------------+----------+----------------+----------+-----------+
* Slice Loads column represents load cell count of all cell types other than IO, GT and clock resources
** IO Loads column represents load cell count of IO types
*** Clocking Loads column represents load cell count that are clock resources (global clock buffer, MMCM, PLL, etc)
**** GT Loads column represents load cell count of GT types


+----+----+-----+-----------------------+
|    | X0 | X1  | HORIZONTAL PROG DELAY |
+----+----+-----+-----------------------+
| Y6 |  0 |   0 |                     - |
| Y5 |  0 |   0 |                     - |
| Y4 |  0 |   0 |                     - |
| Y3 |  0 |   0 |                     - |
| Y2 |  0 |  73 |                     0 |
| Y1 |  0 |  26 |                     0 |
| Y0 |  0 |  72 |                     0 |
+----+----+-----+-----------------------+


8. Device Cell Placement Summary for Global Clock g2
----------------------------------------------------

+-----------+-----------------+-------------------+-----------------+-------------+---------------+-------------+----------+----------------+----------+------------+
| Global Id | Driver Type/Pin | Driver Region (D) | Clock           | Period (ns) | Waveform (ns) | Slice Loads | IO Loads | Clocking Loads | GT Loads | Net        |
+-----------+-----------------+-------------------+-----------------+-------------+---------------+-------------+----------+----------------+----------+------------+
| g2        | BUFG/O          | n/a               | soc_crg_clkout2 |       5.000 | {0.000 2.500} |          10 |        0 |              0 |        0 | idelay_clk |
+-----------+-----------------+-------------------+-----------------+-------------+---------------+-------------+----------+----------------+----------+------------+
* Slice Loads column represents load cell count of all cell types other than IO, GT and clock resources
** IO Loads column represents load cell count of IO types
*** Clocking Loads column represents load cell count that are clock resources (global clock buffer, MMCM, PLL, etc)
**** GT Loads column represents load cell count of GT types


+----+----+----+-----------------------+
|    | X0 | X1 | HORIZONTAL PROG DELAY |
+----+----+----+-----------------------+
| Y6 |  0 |  0 |                     - |
| Y5 |  0 |  0 |                     - |
| Y4 |  0 |  0 |                     - |
| Y3 |  0 |  0 |                     - |
| Y2 |  0 |  1 |                     0 |
| Y1 |  0 |  8 |                     0 |
| Y0 |  0 |  1 |                     0 |
+----+----+----+-----------------------+


9. Device Cell Placement Summary for Global Clock g3
----------------------------------------------------

+-----------+-----------------+-------------------+----------+-------------+---------------+-------------+----------+----------------+----------+---------------+
| Global Id | Driver Type/Pin | Driver Region (D) | Clock    | Period (ns) | Waveform (ns) | Slice Loads | IO Loads | Clocking Loads | GT Loads | Net           |
+-----------+-----------------+-------------------+----------+-------------+---------------+-------------+----------+----------------+----------+---------------+
| g3        | BUFG/O          | n/a               | clk200_p |       5.000 | {0.000 2.500} |           8 |        0 |              1 |        0 | soc_crg_clkin |
+-----------+-----------------+-------------------+----------+-------------+---------------+-------------+----------+----------------+----------+---------------+
* Slice Loads column represents load cell count of all cell types other than IO, GT and clock resources
** IO Loads column represents load cell count of IO types
*** Clocking Loads column represents load cell count that are clock resources (global clock buffer, MMCM, PLL, etc)
**** GT Loads column represents load cell count of GT types


+----+----+----+-----------------------+
|    | X0 | X1 | HORIZONTAL PROG DELAY |
+----+----+----+-----------------------+
| Y6 |  0 |  0 |                     - |
| Y5 |  0 |  0 |                     - |
| Y4 |  0 |  0 |                     - |
| Y3 |  0 |  0 |                     - |
| Y2 |  0 |  0 |                     - |
| Y1 |  0 |  1 |                     0 |
| Y0 |  0 |  8 |                     0 |
+----+----+----+-----------------------+


10. Clock Region Cell Placement per Global Clock: Region X0Y0
-------------------------------------------------------------

+-----------+-------+-----------------+------------+-------------+-----------------+----+-------------+------+-----+----+------+-----+---------+---------+
| Global Id | Track | Driver Type/Pin | Constraint | Clock Loads | Non-Clock Loads | FF | Memory LUTs | RAMB | DSP | GT | MMCM | PLL | Hard IP | Net     |
+-----------+-------+-----------------+------------+-------------+-----------------+----+-------------+------+-----+----+------+-----+---------+---------+
| g0        | n/a   | BUFG/O          | None       |          49 |               0 | 49 |           0 |    0 |   0 |  0 |    0 |   0 |       0 | sys_clk |
+-----------+-------+-----------------+------------+-------------+-----------------+----+-------------+------+-----+----+------+-----+---------+---------+
* Clock Loads column represents the clock pin loads (pin count). Internal cell leaf pins are not counted
** Non-Clock Loads column represents the non-clock pin loads (pin count)
*** Columns FF, LUTRAM, RAMB through 'Hard IP' represents load cell counts


11. Clock Region Cell Placement per Global Clock: Region X1Y0
-------------------------------------------------------------

+-----------+-------+-----------------+------------+-------------+-----------------+------+-------------+------+-----+----+------+-----+---------+---------------+
| Global Id | Track | Driver Type/Pin | Constraint | Clock Loads | Non-Clock Loads | FF   | Memory LUTs | RAMB | DSP | GT | MMCM | PLL | Hard IP | Net           |
+-----------+-------+-----------------+------------+-------------+-----------------+------+-------------+------+-----+----+------+-----+---------+---------------+
| g0        | n/a   | BUFG/O          | None       |        4285 |               0 | 4071 |           0 |   37 |   4 |  0 |    0 |   0 |       0 | sys_clk       |
| g1        | n/a   | BUFG/O          | None       |          72 |               0 |    0 |           0 |    0 |   0 |  0 |    0 |   0 |       0 | sys4x_clk     |
| g2        | n/a   | BUFG/O          | None       |           1 |               0 |    0 |           0 |    0 |   0 |  0 |    0 |   0 |       0 | idelay_clk    |
| g3        | n/a   | BUFG/O          | None       |           8 |               0 |    7 |           0 |    0 |   0 |  0 |    1 |   0 |       0 | soc_crg_clkin |
+-----------+-------+-----------------+------------+-------------+-----------------+------+-------------+------+-----+----+------+-----+---------+---------------+
* Clock Loads column represents the clock pin loads (pin count). Internal cell leaf pins are not counted
** Non-Clock Loads column represents the non-clock pin loads (pin count)
*** Columns FF, LUTRAM, RAMB through 'Hard IP' represents load cell counts


12. Clock Region Cell Placement per Global Clock: Region X1Y1
-------------------------------------------------------------

+-----------+-------+-----------------+------------+-------------+-----------------+------+-------------+------+-----+----+------+-----+---------+---------------+
| Global Id | Track | Driver Type/Pin | Constraint | Clock Loads | Non-Clock Loads | FF   | Memory LUTs | RAMB | DSP | GT | MMCM | PLL | Hard IP | Net           |
+-----------+-------+-----------------+------------+-------------+-----------------+------+-------------+------+-----+----+------+-----+---------+---------------+
| g0        | n/a   | BUFG/O          | None       |        2109 |               0 | 2029 |           2 |   18 |   0 |  0 |    0 |   0 |       0 | sys_clk       |
| g1        | n/a   | BUFG/O          | None       |          26 |               0 |    0 |           0 |    0 |   0 |  0 |    0 |   0 |       0 | sys4x_clk     |
| g2        | n/a   | BUFG/O          | None       |           8 |               0 |    7 |           0 |    0 |   0 |  0 |    0 |   0 |       0 | idelay_clk    |
| g3        | n/a   | BUFG/O          | None       |           1 |               0 |    1 |           0 |    0 |   0 |  0 |    0 |   0 |       0 | soc_crg_clkin |
+-----------+-------+-----------------+------------+-------------+-----------------+------+-------------+------+-----+----+------+-----+---------+---------------+
* Clock Loads column represents the clock pin loads (pin count). Internal cell leaf pins are not counted
** Non-Clock Loads column represents the non-clock pin loads (pin count)
*** Columns FF, LUTRAM, RAMB through 'Hard IP' represents load cell counts


13. Clock Region Cell Placement per Global Clock: Region X1Y2
-------------------------------------------------------------

+-----------+-------+-----------------+------------+-------------+-----------------+-----+-------------+------+-----+----+------+-----+---------+------------+
| Global Id | Track | Driver Type/Pin | Constraint | Clock Loads | Non-Clock Loads | FF  | Memory LUTs | RAMB | DSP | GT | MMCM | PLL | Hard IP | Net        |
+-----------+-------+-----------------+------------+-------------+-----------------+-----+-------------+------+-----+----+------+-----+---------+------------+
| g0        | n/a   | BUFG/O          | None       |         332 |               0 | 186 |           0 |    0 |   0 |  0 |    0 |   0 |       0 | sys_clk    |
| g1        | n/a   | BUFG/O          | None       |          73 |               0 |   0 |           0 |    0 |   0 |  0 |    0 |   0 |       0 | sys4x_clk  |
| g2        | n/a   | BUFG/O          | None       |           1 |               0 |   0 |           0 |    0 |   0 |  0 |    0 |   0 |       0 | idelay_clk |
+-----------+-------+-----------------+------------+-------------+-----------------+-----+-------------+------+-----+----+------+-----+---------+------------+
* Clock Loads column represents the clock pin loads (pin count). Internal cell leaf pins are not counted
** Non-Clock Loads column represents the non-clock pin loads (pin count)
*** Columns FF, LUTRAM, RAMB through 'Hard IP' represents load cell counts



# Location of BUFG Primitives 
set_property LOC BUFGCTRL_X0Y0 [get_cells BUFG]
set_property LOC BUFGCTRL_X0Y1 [get_cells BUFG_1]
set_property LOC BUFGCTRL_X0Y3 [get_cells IBUFDS_n_0_BUFG_inst]
set_property LOC BUFGCTRL_X0Y2 [get_cells BUFG_2]

# Location of IO Primitives which is load of clock spine

# Location of clock ports
set_property LOC IOB_X1Y75 [get_ports clk200_n]
set_property LOC IOB_X1Y76 [get_ports clk200_p]

# Clock net "sys_clk" driven by instance "BUFG" located at site "BUFGCTRL_X0Y0"
#startgroup
create_pblock {CLKAG_sys_clk}
add_cells_to_pblock [get_pblocks  {CLKAG_sys_clk}] [get_cells -filter { PRIMITIVE_GROUP != I/O && IS_PRIMITIVE==1 && PRIMITIVE_LEVEL !=INTERNAL } -of_object [get_pins -filter {DIRECTION==IN} -of_objects [get_nets -hierarchical -filter {PARENT=="sys_clk"}]]]
resize_pblock [get_pblocks {CLKAG_sys_clk}] -add {CLOCKREGION_X0Y0:CLOCKREGION_X0Y0 CLOCKREGION_X1Y0:CLOCKREGION_X1Y0 CLOCKREGION_X1Y1:CLOCKREGION_X1Y1 CLOCKREGION_X1Y2:CLOCKREGION_X1Y2}
#endgroup

# Clock net "sys4x_clk" driven by instance "BUFG_1" located at site "BUFGCTRL_X0Y1"
#startgroup
create_pblock {CLKAG_sys4x_clk}
add_cells_to_pblock [get_pblocks  {CLKAG_sys4x_clk}] [get_cells -filter { PRIMITIVE_GROUP != I/O && IS_PRIMITIVE==1 && PRIMITIVE_LEVEL !=INTERNAL } -of_object [get_pins -filter {DIRECTION==IN} -of_objects [get_nets -hierarchical -filter {PARENT=="sys4x_clk"}]]]
resize_pblock [get_pblocks {CLKAG_sys4x_clk}] -add {CLOCKREGION_X1Y0:CLOCKREGION_X1Y0 CLOCKREGION_X1Y1:CLOCKREGION_X1Y1 CLOCKREGION_X1Y2:CLOCKREGION_X1Y2}
#endgroup

# Clock net "soc_crg_clkin" driven by instance "IBUFDS_n_0_BUFG_inst" located at site "BUFGCTRL_X0Y3"
#startgroup
create_pblock {CLKAG_soc_crg_clkin}
add_cells_to_pblock [get_pblocks  {CLKAG_soc_crg_clkin}] [get_cells -filter { PRIMITIVE_GROUP != I/O && IS_PRIMITIVE==1 && PRIMITIVE_LEVEL !=INTERNAL && NAME!=MMCME2_ADV} -of_object [get_pins -filter {DIRECTION==IN} -of_objects [get_nets -hierarchical -filter {PARENT=="soc_crg_clkin"}]]]
resize_pblock [get_pblocks {CLKAG_soc_crg_clkin}] -add {CLOCKREGION_X1Y0:CLOCKREGION_X1Y0 CLOCKREGION_X1Y1:CLOCKREGION_X1Y1}
#endgroup

# Clock net "idelay_clk" driven by instance "BUFG_2" located at site "BUFGCTRL_X0Y2"
#startgroup
create_pblock {CLKAG_idelay_clk}
add_cells_to_pblock [get_pblocks  {CLKAG_idelay_clk}] [get_cells -filter { PRIMITIVE_GROUP != I/O && IS_PRIMITIVE==1 && PRIMITIVE_LEVEL !=INTERNAL } -of_object [get_pins -filter {DIRECTION==IN} -of_objects [get_nets -hierarchical -filter {PARENT=="idelay_clk"}]]]
resize_pblock [get_pblocks {CLKAG_idelay_clk}] -add {CLOCKREGION_X1Y0:CLOCKREGION_X1Y0 CLOCKREGION_X1Y1:CLOCKREGION_X1Y1 CLOCKREGION_X1Y2:CLOCKREGION_X1Y2}
#endgroup
